============================================================
  Generated by:           Genus(TM) Synthesis Solution 22.17-s071_1
  Generated on:           Jun 03 2026  01:04:30 pm
  Module:                 cubic_solver
  Operating conditions:   slow 
  Interconnect mode:      global
  Area mode:              physical library
============================================================

Timing
--------

Clock Period 
-------------
clk   5000.0 


        Cost          Critical         Violating 
       Group         Path Slack  TNS     Paths   
-------------------------------------------------
C2C                         0.0   0.0          0 
C2O                      3465.9   0.0          0 
cg_enable_group_clk        64.0   0.0          0 
clk                    No paths   0.0            
default                No paths   0.0            
I2C                      3893.6   0.0          0 
I2O                    No paths   0.0            
-------------------------------------------------
Total                             0.0          0 

Instance Count
--------------
Leaf Instance Count             89806 
Physical Instance count             0 
Sequential Instance Count       21305 
Combinational Instance Count    68501 
Hierarchical Instance Count        96 

Area
----
Cell Area                          295882.292
Physical Cell Area                 0.000
Total Cell Area (Cell+Physical)    295882.292
Net Area                           105865.849
Total Area (Cell+Physical+Net)     401748.141

Runtime                            1695.99033 seconds
Elapsed Runtime                    9796 seconds
Genus peak memory usage            2038.15 
Innovus peak memory usage          no_value 
Hostname                           vlsiktmt.tailff29c4.ts.net
